  Typing Game .cpp
C:\Users\sky\Desktop\Typing Game\Typing Game .cpp(56,36): warning C4838: conversion from 'double' to 'LONG' requires a narrowing conversion
C:\Users\sky\Desktop\Typing Game\Typing Game .cpp(56,36): warning C4244: 'initializing': conversion from 'double' to 'LONG', possible loss of data
C:\Users\sky\Desktop\Typing Game\Typing Game .cpp(56,68): warning C4838: conversion from 'double' to 'LONG' requires a narrowing conversion
C:\Users\sky\Desktop\Typing Game\Typing Game .cpp(56,68): warning C4244: 'initializing': conversion from 'double' to 'LONG', possible loss of data
C:\Users\sky\Desktop\Typing Game\Typing Game .cpp(70,52): warning C4838: conversion from 'double' to 'LONG' requires a narrowing conversion
C:\Users\sky\Desktop\Typing Game\Typing Game .cpp(70,52): warning C4244: 'initializing': conversion from 'double' to 'LONG', possible loss of data
C:\Users\sky\Desktop\Typing Game\Typing Game .cpp(70,98): warning C4838: conversion from 'double' to 'LONG' requires a narrowing conversion
C:\Users\sky\Desktop\Typing Game\Typing Game .cpp(70,98): warning C4244: 'initializing': conversion from 'double' to 'LONG', possible loss of data
C:\Users\sky\Desktop\Typing Game\Typing Game .cpp(87,52): warning C4838: conversion from 'double' to 'LONG' requires a narrowing conversion
C:\Users\sky\Desktop\Typing Game\Typing Game .cpp(87,52): warning C4244: 'initializing': conversion from 'double' to 'LONG', possible loss of data
C:\Users\sky\Desktop\Typing Game\Typing Game .cpp(87,98): warning C4838: conversion from 'double' to 'LONG' requires a narrowing conversion
C:\Users\sky\Desktop\Typing Game\Typing Game .cpp(87,98): warning C4244: 'initializing': conversion from 'double' to 'LONG', possible loss of data
C:\Users\sky\Desktop\Typing Game\Typing Game .cpp(101,52): warning C4838: conversion from 'double' to 'LONG' requires a narrowing conversion
C:\Users\sky\Desktop\Typing Game\Typing Game .cpp(101,52): warning C4244: 'initializing': conversion from 'double' to 'LONG', possible loss of data
C:\Users\sky\Desktop\Typing Game\Typing Game .cpp(101,98): warning C4838: conversion from 'double' to 'LONG' requires a narrowing conversion
C:\Users\sky\Desktop\Typing Game\Typing Game .cpp(101,98): warning C4244: 'initializing': conversion from 'double' to 'LONG', possible loss of data
C:\Users\sky\Desktop\Typing Game\Typing Game .cpp(112,66): warning C4244: 'argument': conversion from 'double' to 'int', possible loss of data
C:\Users\sky\Desktop\Typing Game\Typing Game .cpp(112,56): warning C4244: 'argument': conversion from 'double' to 'int', possible loss of data
C:\Users\sky\Desktop\Typing Game\Typing Game .cpp(112,36): warning C4244: 'argument': conversion from 'double' to 'int', possible loss of data
C:\Users\sky\Desktop\Typing Game\Typing Game .cpp(112,26): warning C4244: 'argument': conversion from 'double' to 'int', possible loss of data
C:\Users\sky\Desktop\Typing Game\Typing Game .cpp(114,66): warning C4244: 'argument': conversion from 'double' to 'int', possible loss of data
C:\Users\sky\Desktop\Typing Game\Typing Game .cpp(114,56): warning C4244: 'argument': conversion from 'double' to 'int', possible loss of data
C:\Users\sky\Desktop\Typing Game\Typing Game .cpp(114,36): warning C4244: 'argument': conversion from 'double' to 'int', possible loss of data
C:\Users\sky\Desktop\Typing Game\Typing Game .cpp(114,26): warning C4244: 'argument': conversion from 'double' to 'int', possible loss of data
C:\Users\sky\Desktop\Typing Game\Typing Game .cpp(115,24): warning C4838: conversion from 'double' to 'LONG' requires a narrowing conversion
C:\Users\sky\Desktop\Typing Game\Typing Game .cpp(115,24): warning C4244: 'initializing': conversion from 'double' to 'LONG', possible loss of data
C:\Users\sky\Desktop\Typing Game\Typing Game .cpp(115,34): warning C4838: conversion from 'double' to 'LONG' requires a narrowing conversion
C:\Users\sky\Desktop\Typing Game\Typing Game .cpp(115,34): warning C4244: 'initializing': conversion from 'double' to 'LONG', possible loss of data
C:\Users\sky\Desktop\Typing Game\Typing Game .cpp(115,54): warning C4838: conversion from 'double' to 'LONG' requires a narrowing conversion
C:\Users\sky\Desktop\Typing Game\Typing Game .cpp(115,54): warning C4244: 'initializing': conversion from 'double' to 'LONG', possible loss of data
C:\Users\sky\Desktop\Typing Game\Typing Game .cpp(115,64): warning C4838: conversion from 'double' to 'LONG' requires a narrowing conversion
C:\Users\sky\Desktop\Typing Game\Typing Game .cpp(115,64): warning C4244: 'initializing': conversion from 'double' to 'LONG', possible loss of data
C:\Users\sky\Desktop\Typing Game\Typing Game .cpp(121,82): warning C4244: 'argument': conversion from 'double' to 'int', possible loss of data
C:\Users\sky\Desktop\Typing Game\Typing Game .cpp(121,64): warning C4244: 'argument': conversion from 'double' to 'int', possible loss of data
C:\Users\sky\Desktop\Typing Game\Typing Game .cpp(121,44): warning C4244: 'argument': conversion from 'double' to 'int', possible loss of data
C:\Users\sky\Desktop\Typing Game\Typing Game .cpp(121,26): warning C4244: 'argument': conversion from 'double' to 'int', possible loss of data
C:\Users\sky\Desktop\Typing Game\Typing Game .cpp(123,82): warning C4244: 'argument': conversion from 'double' to 'int', possible loss of data
C:\Users\sky\Desktop\Typing Game\Typing Game .cpp(123,64): warning C4244: 'argument': conversion from 'double' to 'int', possible loss of data
C:\Users\sky\Desktop\Typing Game\Typing Game .cpp(123,44): warning C4244: 'argument': conversion from 'double' to 'int', possible loss of data
C:\Users\sky\Desktop\Typing Game\Typing Game .cpp(123,26): warning C4244: 'argument': conversion from 'double' to 'int', possible loss of data
C:\Users\sky\Desktop\Typing Game\Typing Game .cpp(124,24): warning C4838: conversion from 'double' to 'LONG' requires a narrowing conversion
C:\Users\sky\Desktop\Typing Game\Typing Game .cpp(124,24): warning C4244: 'initializing': conversion from 'double' to 'LONG', possible loss of data
C:\Users\sky\Desktop\Typing Game\Typing Game .cpp(124,42): warning C4838: conversion from 'double' to 'LONG' requires a narrowing conversion
C:\Users\sky\Desktop\Typing Game\Typing Game .cpp(124,42): warning C4244: 'initializing': conversion from 'double' to 'LONG', possible loss of data
C:\Users\sky\Desktop\Typing Game\Typing Game .cpp(124,62): warning C4838: conversion from 'double' to 'LONG' requires a narrowing conversion
C:\Users\sky\Desktop\Typing Game\Typing Game .cpp(124,62): warning C4244: 'initializing': conversion from 'double' to 'LONG', possible loss of data
C:\Users\sky\Desktop\Typing Game\Typing Game .cpp(124,80): warning C4838: conversion from 'double' to 'LONG' requires a narrowing conversion
C:\Users\sky\Desktop\Typing Game\Typing Game .cpp(124,80): warning C4244: 'initializing': conversion from 'double' to 'LONG', possible loss of data
C:\Users\sky\Desktop\Typing Game\Typing Game .cpp(130,83): warning C4244: 'argument': conversion from 'double' to 'int', possible loss of data
C:\Users\sky\Desktop\Typing Game\Typing Game .cpp(130,65): warning C4244: 'argument': conversion from 'double' to 'int', possible loss of data
C:\Users\sky\Desktop\Typing Game\Typing Game .cpp(130,45): warning C4244: 'argument': conversion from 'double' to 'int', possible loss of data
C:\Users\sky\Desktop\Typing Game\Typing Game .cpp(130,27): warning C4244: 'argument': conversion from 'double' to 'int', possible loss of data
C:\Users\sky\Desktop\Typing Game\Typing Game .cpp(132,83): warning C4244: 'argument': conversion from 'double' to 'int', possible loss of data
C:\Users\sky\Desktop\Typing Game\Typing Game .cpp(132,65): warning C4244: 'argument': conversion from 'double' to 'int', possible loss of data
C:\Users\sky\Desktop\Typing Game\Typing Game .cpp(132,45): warning C4244: 'argument': conversion from 'double' to 'int', possible loss of data
C:\Users\sky\Desktop\Typing Game\Typing Game .cpp(132,27): warning C4244: 'argument': conversion from 'double' to 'int', possible loss of data
C:\Users\sky\Desktop\Typing Game\Typing Game .cpp(133,25): warning C4838: conversion from 'double' to 'LONG' requires a narrowing conversion
C:\Users\sky\Desktop\Typing Game\Typing Game .cpp(133,25): warning C4244: 'initializing': conversion from 'double' to 'LONG', possible loss of data
C:\Users\sky\Desktop\Typing Game\Typing Game .cpp(133,43): warning C4838: conversion from 'double' to 'LONG' requires a narrowing conversion
C:\Users\sky\Desktop\Typing Game\Typing Game .cpp(133,43): warning C4244: 'initializing': conversion from 'double' to 'LONG', possible loss of data
C:\Users\sky\Desktop\Typing Game\Typing Game .cpp(133,63): warning C4838: conversion from 'double' to 'LONG' requires a narrowing conversion
C:\Users\sky\Desktop\Typing Game\Typing Game .cpp(133,63): warning C4244: 'initializing': conversion from 'double' to 'LONG', possible loss of data
C:\Users\sky\Desktop\Typing Game\Typing Game .cpp(133,81): warning C4838: conversion from 'double' to 'LONG' requires a narrowing conversion
C:\Users\sky\Desktop\Typing Game\Typing Game .cpp(133,81): warning C4244: 'initializing': conversion from 'double' to 'LONG', possible loss of data
C:\Users\sky\Desktop\Typing Game\Typing Game .cpp(170,36): warning C4838: conversion from 'double' to 'LONG' requires a narrowing conversion
C:\Users\sky\Desktop\Typing Game\Typing Game .cpp(170,36): warning C4244: 'initializing': conversion from 'double' to 'LONG', possible loss of data
C:\Users\sky\Desktop\Typing Game\Typing Game .cpp(170,68): warning C4838: conversion from 'double' to 'LONG' requires a narrowing conversion
C:\Users\sky\Desktop\Typing Game\Typing Game .cpp(170,68): warning C4244: 'initializing': conversion from 'double' to 'LONG', possible loss of data
C:\Users\sky\Desktop\Typing Game\Typing Game .cpp(184,52): warning C4838: conversion from 'double' to 'LONG' requires a narrowing conversion
C:\Users\sky\Desktop\Typing Game\Typing Game .cpp(184,52): warning C4244: 'initializing': conversion from 'double' to 'LONG', possible loss of data
C:\Users\sky\Desktop\Typing Game\Typing Game .cpp(184,98): warning C4838: conversion from 'double' to 'LONG' requires a narrowing conversion
C:\Users\sky\Desktop\Typing Game\Typing Game .cpp(184,98): warning C4244: 'initializing': conversion from 'double' to 'LONG', possible loss of data
C:\Users\sky\Desktop\Typing Game\Typing Game .cpp(198,52): warning C4838: conversion from 'double' to 'LONG' requires a narrowing conversion
C:\Users\sky\Desktop\Typing Game\Typing Game .cpp(198,52): warning C4244: 'initializing': conversion from 'double' to 'LONG', possible loss of data
C:\Users\sky\Desktop\Typing Game\Typing Game .cpp(198,98): warning C4838: conversion from 'double' to 'LONG' requires a narrowing conversion
C:\Users\sky\Desktop\Typing Game\Typing Game .cpp(198,98): warning C4244: 'initializing': conversion from 'double' to 'LONG', possible loss of data
C:\Users\sky\Desktop\Typing Game\Typing Game .cpp(213,52): warning C4838: conversion from 'double' to 'LONG' requires a narrowing conversion
C:\Users\sky\Desktop\Typing Game\Typing Game .cpp(213,52): warning C4244: 'initializing': conversion from 'double' to 'LONG', possible loss of data
C:\Users\sky\Desktop\Typing Game\Typing Game .cpp(213,98): warning C4838: conversion from 'double' to 'LONG' requires a narrowing conversion
C:\Users\sky\Desktop\Typing Game\Typing Game .cpp(213,98): warning C4244: 'initializing': conversion from 'double' to 'LONG', possible loss of data
C:\Users\sky\Desktop\Typing Game\Typing Game .cpp(224,66): warning C4244: 'argument': conversion from 'double' to 'int', possible loss of data
C:\Users\sky\Desktop\Typing Game\Typing Game .cpp(224,56): warning C4244: 'argument': conversion from 'double' to 'int', possible loss of data
C:\Users\sky\Desktop\Typing Game\Typing Game .cpp(224,36): warning C4244: 'argument': conversion from 'double' to 'int', possible loss of data
C:\Users\sky\Desktop\Typing Game\Typing Game .cpp(224,26): warning C4244: 'argument': conversion from 'double' to 'int', possible loss of data
C:\Users\sky\Desktop\Typing Game\Typing Game .cpp(226,66): warning C4244: 'argument': conversion from 'double' to 'int', possible loss of data
C:\Users\sky\Desktop\Typing Game\Typing Game .cpp(226,56): warning C4244: 'argument': conversion from 'double' to 'int', possible loss of data
C:\Users\sky\Desktop\Typing Game\Typing Game .cpp(226,36): warning C4244: 'argument': conversion from 'double' to 'int', possible loss of data
C:\Users\sky\Desktop\Typing Game\Typing Game .cpp(226,26): warning C4244: 'argument': conversion from 'double' to 'int', possible loss of data
C:\Users\sky\Desktop\Typing Game\Typing Game .cpp(227,24): warning C4838: conversion from 'double' to 'LONG' requires a narrowing conversion
C:\Users\sky\Desktop\Typing Game\Typing Game .cpp(227,24): warning C4244: 'initializing': conversion from 'double' to 'LONG', possible loss of data
C:\Users\sky\Desktop\Typing Game\Typing Game .cpp(227,34): warning C4838: conversion from 'double' to 'LONG' requires a narrowing conversion
C:\Users\sky\Desktop\Typing Game\Typing Game .cpp(227,34): warning C4244: 'initializing': conversion from 'double' to 'LONG', possible loss of data
C:\Users\sky\Desktop\Typing Game\Typing Game .cpp(227,54): warning C4838: conversion from 'double' to 'LONG' requires a narrowing conversion
C:\Users\sky\Desktop\Typing Game\Typing Game .cpp(227,54): warning C4244: 'initializing': conversion from 'double' to 'LONG', possible loss of data
C:\Users\sky\Desktop\Typing Game\Typing Game .cpp(227,64): warning C4838: conversion from 'double' to 'LONG' requires a narrowing conversion
C:\Users\sky\Desktop\Typing Game\Typing Game .cpp(227,64): warning C4244: 'initializing': conversion from 'double' to 'LONG', possible loss of data
C:\Users\sky\Desktop\Typing Game\Typing Game .cpp(233,82): warning C4244: 'argument': conversion from 'double' to 'int', possible loss of data
C:\Users\sky\Desktop\Typing Game\Typing Game .cpp(233,64): warning C4244: 'argument': conversion from 'double' to 'int', possible loss of data
C:\Users\sky\Desktop\Typing Game\Typing Game .cpp(233,44): warning C4244: 'argument': conversion from 'double' to 'int', possible loss of data
C:\Users\sky\Desktop\Typing Game\Typing Game .cpp(233,26): warning C4244: 'argument': conversion from 'double' to 'int', possible loss of data
C:\Users\sky\Desktop\Typing Game\Typing Game .cpp(235,82): warning C4244: 'argument': conversion from 'double' to 'int', possible loss of data
C:\Users\sky\Desktop\Typing Game\Typing Game .cpp(235,64): warning C4244: 'argument': conversion from 'double' to 'int', possible loss of data
C:\Users\sky\Desktop\Typing Game\Typing Game .cpp(235,44): warning C4244: 'argument': conversion from 'double' to 'int', possible loss of data
C:\Users\sky\Desktop\Typing Game\Typing Game .cpp(235,26): warning C4244: 'argument': conversion from 'double' to 'int', possible loss of data
C:\Users\sky\Desktop\Typing Game\Typing Game .cpp(236,24): warning C4838: conversion from 'double' to 'LONG' requires a narrowing conversion
C:\Users\sky\Desktop\Typing Game\Typing Game .cpp(236,24): warning C4244: 'initializing': conversion from 'double' to 'LONG', possible loss of data
C:\Users\sky\Desktop\Typing Game\Typing Game .cpp(236,42): warning C4838: conversion from 'double' to 'LONG' requires a narrowing conversion
C:\Users\sky\Desktop\Typing Game\Typing Game .cpp(236,42): warning C4244: 'initializing': conversion from 'double' to 'LONG', possible loss of data
C:\Users\sky\Desktop\Typing Game\Typing Game .cpp(236,62): warning C4838: conversion from 'double' to 'LONG' requires a narrowing conversion
C:\Users\sky\Desktop\Typing Game\Typing Game .cpp(236,62): warning C4244: 'initializing': conversion from 'double' to 'LONG', possible loss of data
C:\Users\sky\Desktop\Typing Game\Typing Game .cpp(236,80): warning C4838: conversion from 'double' to 'LONG' requires a narrowing conversion
C:\Users\sky\Desktop\Typing Game\Typing Game .cpp(236,80): warning C4244: 'initializing': conversion from 'double' to 'LONG', possible loss of data
C:\Users\sky\Desktop\Typing Game\Typing Game .cpp(242,83): warning C4244: 'argument': conversion from 'double' to 'int', possible loss of data
C:\Users\sky\Desktop\Typing Game\Typing Game .cpp(242,65): warning C4244: 'argument': conversion from 'double' to 'int', possible loss of data
C:\Users\sky\Desktop\Typing Game\Typing Game .cpp(242,45): warning C4244: 'argument': conversion from 'double' to 'int', possible loss of data
C:\Users\sky\Desktop\Typing Game\Typing Game .cpp(242,27): warning C4244: 'argument': conversion from 'double' to 'int', possible loss of data
C:\Users\sky\Desktop\Typing Game\Typing Game .cpp(244,83): warning C4244: 'argument': conversion from 'double' to 'int', possible loss of data
C:\Users\sky\Desktop\Typing Game\Typing Game .cpp(244,65): warning C4244: 'argument': conversion from 'double' to 'int', possible loss of data
C:\Users\sky\Desktop\Typing Game\Typing Game .cpp(244,45): warning C4244: 'argument': conversion from 'double' to 'int', possible loss of data
C:\Users\sky\Desktop\Typing Game\Typing Game .cpp(244,27): warning C4244: 'argument': conversion from 'double' to 'int', possible loss of data
C:\Users\sky\Desktop\Typing Game\Typing Game .cpp(245,25): warning C4838: conversion from 'double' to 'LONG' requires a narrowing conversion
C:\Users\sky\Desktop\Typing Game\Typing Game .cpp(245,25): warning C4244: 'initializing': conversion from 'double' to 'LONG', possible loss of data
C:\Users\sky\Desktop\Typing Game\Typing Game .cpp(245,43): warning C4838: conversion from 'double' to 'LONG' requires a narrowing conversion
C:\Users\sky\Desktop\Typing Game\Typing Game .cpp(245,43): warning C4244: 'initializing': conversion from 'double' to 'LONG', possible loss of data
C:\Users\sky\Desktop\Typing Game\Typing Game .cpp(245,63): warning C4838: conversion from 'double' to 'LONG' requires a narrowing conversion
C:\Users\sky\Desktop\Typing Game\Typing Game .cpp(245,63): warning C4244: 'initializing': conversion from 'double' to 'LONG', possible loss of data
C:\Users\sky\Desktop\Typing Game\Typing Game .cpp(245,81): warning C4838: conversion from 'double' to 'LONG' requires a narrowing conversion
C:\Users\sky\Desktop\Typing Game\Typing Game .cpp(245,81): warning C4244: 'initializing': conversion from 'double' to 'LONG', possible loss of data
C:\Users\sky\Desktop\Typing Game\Typing Game .cpp(269,108): warning C4244: 'argument': conversion from 'double' to 'int', possible loss of data
C:\Users\sky\Desktop\Typing Game\Typing Game .cpp(269,53): warning C4244: 'argument': conversion from 'double' to 'int', possible loss of data
C:\Users\sky\Desktop\Typing Game\Typing Game .cpp(332,12): warning C4244: 'initializing': conversion from 'double' to 'int', possible loss of data
C:\Users\sky\Desktop\Typing Game\Typing Game .cpp(332,39): warning C4244: 'initializing': conversion from 'double' to 'int', possible loss of data
C:\Users\sky\Desktop\Typing Game\Typing Game .cpp(350,112): warning C4244: 'argument': conversion from 'double' to 'int', possible loss of data
C:\Users\sky\Desktop\Typing Game\Typing Game .cpp(350,57): warning C4244: 'argument': conversion from 'double' to 'int', possible loss of data
C:\Users\sky\Desktop\Typing Game\Typing Game .cpp(359,38): warning C4838: conversion from 'double' to 'LONG' requires a narrowing conversion
C:\Users\sky\Desktop\Typing Game\Typing Game .cpp(359,38): warning C4244: 'initializing': conversion from 'double' to 'LONG', possible loss of data
C:\Users\sky\Desktop\Typing Game\Typing Game .cpp(359,70): warning C4838: conversion from 'double' to 'LONG' requires a narrowing conversion
C:\Users\sky\Desktop\Typing Game\Typing Game .cpp(359,70): warning C4244: 'initializing': conversion from 'double' to 'LONG', possible loss of data
C:\Users\sky\Desktop\Typing Game\Typing Game .cpp(363,68): warning C4244: 'argument': conversion from 'double' to 'int', possible loss of data
C:\Users\sky\Desktop\Typing Game\Typing Game .cpp(363,58): warning C4244: 'argument': conversion from 'double' to 'int', possible loss of data
C:\Users\sky\Desktop\Typing Game\Typing Game .cpp(363,38): warning C4244: 'argument': conversion from 'double' to 'int', possible loss of data
C:\Users\sky\Desktop\Typing Game\Typing Game .cpp(363,28): warning C4244: 'argument': conversion from 'double' to 'int', possible loss of data
C:\Users\sky\Desktop\Typing Game\Typing Game .cpp(364,26): warning C4838: conversion from 'double' to 'LONG' requires a narrowing conversion
C:\Users\sky\Desktop\Typing Game\Typing Game .cpp(364,26): warning C4244: 'initializing': conversion from 'double' to 'LONG', possible loss of data
C:\Users\sky\Desktop\Typing Game\Typing Game .cpp(364,36): warning C4838: conversion from 'double' to 'LONG' requires a narrowing conversion
C:\Users\sky\Desktop\Typing Game\Typing Game .cpp(364,36): warning C4244: 'initializing': conversion from 'double' to 'LONG', possible loss of data
C:\Users\sky\Desktop\Typing Game\Typing Game .cpp(364,56): warning C4838: conversion from 'double' to 'LONG' requires a narrowing conversion
C:\Users\sky\Desktop\Typing Game\Typing Game .cpp(364,56): warning C4244: 'initializing': conversion from 'double' to 'LONG', possible loss of data
C:\Users\sky\Desktop\Typing Game\Typing Game .cpp(364,66): warning C4838: conversion from 'double' to 'LONG' requires a narrowing conversion
C:\Users\sky\Desktop\Typing Game\Typing Game .cpp(364,66): warning C4244: 'initializing': conversion from 'double' to 'LONG', possible loss of data
C:\Users\sky\Desktop\Typing Game\Typing Game .cpp(370,54): warning C4838: conversion from 'double' to 'LONG' requires a narrowing conversion
C:\Users\sky\Desktop\Typing Game\Typing Game .cpp(370,54): warning C4244: 'initializing': conversion from 'double' to 'LONG', possible loss of data
C:\Users\sky\Desktop\Typing Game\Typing Game .cpp(370,100): warning C4838: conversion from 'double' to 'LONG' requires a narrowing conversion
C:\Users\sky\Desktop\Typing Game\Typing Game .cpp(370,100): warning C4244: 'initializing': conversion from 'double' to 'LONG', possible loss of data
C:\Users\sky\Desktop\Typing Game\Typing Game .cpp(377,54): warning C4838: conversion from 'double' to 'LONG' requires a narrowing conversion
C:\Users\sky\Desktop\Typing Game\Typing Game .cpp(377,54): warning C4244: 'initializing': conversion from 'double' to 'LONG', possible loss of data
C:\Users\sky\Desktop\Typing Game\Typing Game .cpp(377,100): warning C4838: conversion from 'double' to 'LONG' requires a narrowing conversion
C:\Users\sky\Desktop\Typing Game\Typing Game .cpp(377,100): warning C4244: 'initializing': conversion from 'double' to 'LONG', possible loss of data
C:\Users\sky\Desktop\Typing Game\Typing Game .cpp(381,84): warning C4244: 'argument': conversion from 'double' to 'int', possible loss of data
C:\Users\sky\Desktop\Typing Game\Typing Game .cpp(381,66): warning C4244: 'argument': conversion from 'double' to 'int', possible loss of data
C:\Users\sky\Desktop\Typing Game\Typing Game .cpp(381,46): warning C4244: 'argument': conversion from 'double' to 'int', possible loss of data
C:\Users\sky\Desktop\Typing Game\Typing Game .cpp(381,28): warning C4244: 'argument': conversion from 'double' to 'int', possible loss of data
C:\Users\sky\Desktop\Typing Game\Typing Game .cpp(382,26): warning C4838: conversion from 'double' to 'LONG' requires a narrowing conversion
C:\Users\sky\Desktop\Typing Game\Typing Game .cpp(382,26): warning C4244: 'initializing': conversion from 'double' to 'LONG', possible loss of data
C:\Users\sky\Desktop\Typing Game\Typing Game .cpp(382,44): warning C4838: conversion from 'double' to 'LONG' requires a narrowing conversion
C:\Users\sky\Desktop\Typing Game\Typing Game .cpp(382,44): warning C4244: 'initializing': conversion from 'double' to 'LONG', possible loss of data
C:\Users\sky\Desktop\Typing Game\Typing Game .cpp(382,64): warning C4838: conversion from 'double' to 'LONG' requires a narrowing conversion
C:\Users\sky\Desktop\Typing Game\Typing Game .cpp(382,64): warning C4244: 'initializing': conversion from 'double' to 'LONG', possible loss of data
C:\Users\sky\Desktop\Typing Game\Typing Game .cpp(382,82): warning C4838: conversion from 'double' to 'LONG' requires a narrowing conversion
C:\Users\sky\Desktop\Typing Game\Typing Game .cpp(382,82): warning C4244: 'initializing': conversion from 'double' to 'LONG', possible loss of data
C:\Users\sky\Desktop\Typing Game\Typing Game .cpp(388,54): warning C4838: conversion from 'double' to 'LONG' requires a narrowing conversion
C:\Users\sky\Desktop\Typing Game\Typing Game .cpp(388,54): warning C4244: 'initializing': conversion from 'double' to 'LONG', possible loss of data
C:\Users\sky\Desktop\Typing Game\Typing Game .cpp(388,100): warning C4838: conversion from 'double' to 'LONG' requires a narrowing conversion
C:\Users\sky\Desktop\Typing Game\Typing Game .cpp(388,100): warning C4244: 'initializing': conversion from 'double' to 'LONG', possible loss of data
C:\Users\sky\Desktop\Typing Game\Typing Game .cpp(392,85): warning C4244: 'argument': conversion from 'double' to 'int', possible loss of data
C:\Users\sky\Desktop\Typing Game\Typing Game .cpp(392,67): warning C4244: 'argument': conversion from 'double' to 'int', possible loss of data
C:\Users\sky\Desktop\Typing Game\Typing Game .cpp(392,47): warning C4244: 'argument': conversion from 'double' to 'int', possible loss of data
C:\Users\sky\Desktop\Typing Game\Typing Game .cpp(392,29): warning C4244: 'argument': conversion from 'double' to 'int', possible loss of data
C:\Users\sky\Desktop\Typing Game\Typing Game .cpp(393,27): warning C4838: conversion from 'double' to 'LONG' requires a narrowing conversion
C:\Users\sky\Desktop\Typing Game\Typing Game .cpp(393,27): warning C4244: 'initializing': conversion from 'double' to 'LONG', possible loss of data
C:\Users\sky\Desktop\Typing Game\Typing Game .cpp(393,45): warning C4838: conversion from 'double' to 'LONG' requires a narrowing conversion
C:\Users\sky\Desktop\Typing Game\Typing Game .cpp(393,45): warning C4244: 'initializing': conversion from 'double' to 'LONG', possible loss of data
C:\Users\sky\Desktop\Typing Game\Typing Game .cpp(393,65): warning C4838: conversion from 'double' to 'LONG' requires a narrowing conversion
C:\Users\sky\Desktop\Typing Game\Typing Game .cpp(393,65): warning C4244: 'initializing': conversion from 'double' to 'LONG', possible loss of data
C:\Users\sky\Desktop\Typing Game\Typing Game .cpp(393,83): warning C4838: conversion from 'double' to 'LONG' requires a narrowing conversion
C:\Users\sky\Desktop\Typing Game\Typing Game .cpp(393,83): warning C4244: 'initializing': conversion from 'double' to 'LONG', possible loss of data
C:\Users\sky\Desktop\Typing Game\Typing Game .cpp(472,12): warning C4244: 'initializing': conversion from 'double' to 'int', possible loss of data
C:\Users\sky\Desktop\Typing Game\Typing Game .cpp(472,39): warning C4244: 'initializing': conversion from 'double' to 'int', possible loss of data
C:\Users\sky\Desktop\Typing Game\Typing Game .cpp(490,112): warning C4244: 'argument': conversion from 'double' to 'int', possible loss of data
C:\Users\sky\Desktop\Typing Game\Typing Game .cpp(490,57): warning C4244: 'argument': conversion from 'double' to 'int', possible loss of data
C:\Users\sky\Desktop\Typing Game\Typing Game .cpp(499,38): warning C4838: conversion from 'double' to 'LONG' requires a narrowing conversion
C:\Users\sky\Desktop\Typing Game\Typing Game .cpp(499,38): warning C4244: 'initializing': conversion from 'double' to 'LONG', possible loss of data
C:\Users\sky\Desktop\Typing Game\Typing Game .cpp(499,70): warning C4838: conversion from 'double' to 'LONG' requires a narrowing conversion
C:\Users\sky\Desktop\Typing Game\Typing Game .cpp(499,70): warning C4244: 'initializing': conversion from 'double' to 'LONG', possible loss of data
C:\Users\sky\Desktop\Typing Game\Typing Game .cpp(503,68): warning C4244: 'argument': conversion from 'double' to 'int', possible loss of data
C:\Users\sky\Desktop\Typing Game\Typing Game .cpp(503,58): warning C4244: 'argument': conversion from 'double' to 'int', possible loss of data
C:\Users\sky\Desktop\Typing Game\Typing Game .cpp(503,38): warning C4244: 'argument': conversion from 'double' to 'int', possible loss of data
C:\Users\sky\Desktop\Typing Game\Typing Game .cpp(503,28): warning C4244: 'argument': conversion from 'double' to 'int', possible loss of data
C:\Users\sky\Desktop\Typing Game\Typing Game .cpp(504,26): warning C4838: conversion from 'double' to 'LONG' requires a narrowing conversion
C:\Users\sky\Desktop\Typing Game\Typing Game .cpp(504,26): warning C4244: 'initializing': conversion from 'double' to 'LONG', possible loss of data
C:\Users\sky\Desktop\Typing Game\Typing Game .cpp(504,36): warning C4838: conversion from 'double' to 'LONG' requires a narrowing conversion
C:\Users\sky\Desktop\Typing Game\Typing Game .cpp(504,36): warning C4244: 'initializing': conversion from 'double' to 'LONG', possible loss of data
C:\Users\sky\Desktop\Typing Game\Typing Game .cpp(504,56): warning C4838: conversion from 'double' to 'LONG' requires a narrowing conversion
C:\Users\sky\Desktop\Typing Game\Typing Game .cpp(504,56): warning C4244: 'initializing': conversion from 'double' to 'LONG', possible loss of data
C:\Users\sky\Desktop\Typing Game\Typing Game .cpp(504,66): warning C4838: conversion from 'double' to 'LONG' requires a narrowing conversion
C:\Users\sky\Desktop\Typing Game\Typing Game .cpp(504,66): warning C4244: 'initializing': conversion from 'double' to 'LONG', possible loss of data
C:\Users\sky\Desktop\Typing Game\Typing Game .cpp(510,54): warning C4838: conversion from 'double' to 'LONG' requires a narrowing conversion
C:\Users\sky\Desktop\Typing Game\Typing Game .cpp(510,54): warning C4244: 'initializing': conversion from 'double' to 'LONG', possible loss of data
C:\Users\sky\Desktop\Typing Game\Typing Game .cpp(510,100): warning C4838: conversion from 'double' to 'LONG' requires a narrowing conversion
C:\Users\sky\Desktop\Typing Game\Typing Game .cpp(510,100): warning C4244: 'initializing': conversion from 'double' to 'LONG', possible loss of data
C:\Users\sky\Desktop\Typing Game\Typing Game .cpp(517,54): warning C4838: conversion from 'double' to 'LONG' requires a narrowing conversion
C:\Users\sky\Desktop\Typing Game\Typing Game .cpp(517,54): warning C4244: 'initializing': conversion from 'double' to 'LONG', possible loss of data
C:\Users\sky\Desktop\Typing Game\Typing Game .cpp(517,100): warning C4838: conversion from 'double' to 'LONG' requires a narrowing conversion
C:\Users\sky\Desktop\Typing Game\Typing Game .cpp(517,100): warning C4244: 'initializing': conversion from 'double' to 'LONG', possible loss of data
C:\Users\sky\Desktop\Typing Game\Typing Game .cpp(521,84): warning C4244: 'argument': conversion from 'double' to 'int', possible loss of data
C:\Users\sky\Desktop\Typing Game\Typing Game .cpp(521,66): warning C4244: 'argument': conversion from 'double' to 'int', possible loss of data
C:\Users\sky\Desktop\Typing Game\Typing Game .cpp(521,46): warning C4244: 'argument': conversion from 'double' to 'int', possible loss of data
C:\Users\sky\Desktop\Typing Game\Typing Game .cpp(521,28): warning C4244: 'argument': conversion from 'double' to 'int', possible loss of data
C:\Users\sky\Desktop\Typing Game\Typing Game .cpp(522,26): warning C4838: conversion from 'double' to 'LONG' requires a narrowing conversion
C:\Users\sky\Desktop\Typing Game\Typing Game .cpp(522,26): warning C4244: 'initializing': conversion from 'double' to 'LONG', possible loss of data
C:\Users\sky\Desktop\Typing Game\Typing Game .cpp(522,44): warning C4838: conversion from 'double' to 'LONG' requires a narrowing conversion
C:\Users\sky\Desktop\Typing Game\Typing Game .cpp(522,44): warning C4244: 'initializing': conversion from 'double' to 'LONG', possible loss of data
C:\Users\sky\Desktop\Typing Game\Typing Game .cpp(522,64): warning C4838: conversion from 'double' to 'LONG' requires a narrowing conversion
C:\Users\sky\Desktop\Typing Game\Typing Game .cpp(522,64): warning C4244: 'initializing': conversion from 'double' to 'LONG', possible loss of data
C:\Users\sky\Desktop\Typing Game\Typing Game .cpp(522,82): warning C4838: conversion from 'double' to 'LONG' requires a narrowing conversion
C:\Users\sky\Desktop\Typing Game\Typing Game .cpp(522,82): warning C4244: 'initializing': conversion from 'double' to 'LONG', possible loss of data
C:\Users\sky\Desktop\Typing Game\Typing Game .cpp(528,54): warning C4838: conversion from 'double' to 'LONG' requires a narrowing conversion
C:\Users\sky\Desktop\Typing Game\Typing Game .cpp(528,54): warning C4244: 'initializing': conversion from 'double' to 'LONG', possible loss of data
C:\Users\sky\Desktop\Typing Game\Typing Game .cpp(528,100): warning C4838: conversion from 'double' to 'LONG' requires a narrowing conversion
C:\Users\sky\Desktop\Typing Game\Typing Game .cpp(528,100): warning C4244: 'initializing': conversion from 'double' to 'LONG', possible loss of data
C:\Users\sky\Desktop\Typing Game\Typing Game .cpp(532,85): warning C4244: 'argument': conversion from 'double' to 'int', possible loss of data
C:\Users\sky\Desktop\Typing Game\Typing Game .cpp(532,67): warning C4244: 'argument': conversion from 'double' to 'int', possible loss of data
C:\Users\sky\Desktop\Typing Game\Typing Game .cpp(532,47): warning C4244: 'argument': conversion from 'double' to 'int', possible loss of data
C:\Users\sky\Desktop\Typing Game\Typing Game .cpp(532,29): warning C4244: 'argument': conversion from 'double' to 'int', possible loss of data
C:\Users\sky\Desktop\Typing Game\Typing Game .cpp(533,27): warning C4838: conversion from 'double' to 'LONG' requires a narrowing conversion
C:\Users\sky\Desktop\Typing Game\Typing Game .cpp(533,27): warning C4244: 'initializing': conversion from 'double' to 'LONG', possible loss of data
C:\Users\sky\Desktop\Typing Game\Typing Game .cpp(533,45): warning C4838: conversion from 'double' to 'LONG' requires a narrowing conversion
C:\Users\sky\Desktop\Typing Game\Typing Game .cpp(533,45): warning C4244: 'initializing': conversion from 'double' to 'LONG', possible loss of data
C:\Users\sky\Desktop\Typing Game\Typing Game .cpp(533,65): warning C4838: conversion from 'double' to 'LONG' requires a narrowing conversion
C:\Users\sky\Desktop\Typing Game\Typing Game .cpp(533,65): warning C4244: 'initializing': conversion from 'double' to 'LONG', possible loss of data
C:\Users\sky\Desktop\Typing Game\Typing Game .cpp(533,83): warning C4838: conversion from 'double' to 'LONG' requires a narrowing conversion
C:\Users\sky\Desktop\Typing Game\Typing Game .cpp(533,83): warning C4244: 'initializing': conversion from 'double' to 'LONG', possible loss of data
C:\Users\sky\Desktop\Typing Game\Typing Game .cpp(609,12): warning C4244: 'initializing': conversion from 'double' to 'int', possible loss of data
C:\Users\sky\Desktop\Typing Game\Typing Game .cpp(609,39): warning C4244: 'initializing': conversion from 'double' to 'int', possible loss of data
C:\Users\sky\Desktop\Typing Game\Typing Game .cpp(623,112): warning C4244: 'argument': conversion from 'double' to 'int', possible loss of data
C:\Users\sky\Desktop\Typing Game\Typing Game .cpp(623,57): warning C4244: 'argument': conversion from 'double' to 'int', possible loss of data
C:\Users\sky\Desktop\Typing Game\Typing Game .cpp(630,38): warning C4838: conversion from 'double' to 'LONG' requires a narrowing conversion
C:\Users\sky\Desktop\Typing Game\Typing Game .cpp(630,38): warning C4244: 'initializing': conversion from 'double' to 'LONG', possible loss of data
C:\Users\sky\Desktop\Typing Game\Typing Game .cpp(630,70): warning C4838: conversion from 'double' to 'LONG' requires a narrowing conversion
C:\Users\sky\Desktop\Typing Game\Typing Game .cpp(630,70): warning C4244: 'initializing': conversion from 'double' to 'LONG', possible loss of data
C:\Users\sky\Desktop\Typing Game\Typing Game .cpp(634,68): warning C4244: 'argument': conversion from 'double' to 'int', possible loss of data
C:\Users\sky\Desktop\Typing Game\Typing Game .cpp(634,58): warning C4244: 'argument': conversion from 'double' to 'int', possible loss of data
C:\Users\sky\Desktop\Typing Game\Typing Game .cpp(634,38): warning C4244: 'argument': conversion from 'double' to 'int', possible loss of data
C:\Users\sky\Desktop\Typing Game\Typing Game .cpp(634,28): warning C4244: 'argument': conversion from 'double' to 'int', possible loss of data
C:\Users\sky\Desktop\Typing Game\Typing Game .cpp(635,26): warning C4838: conversion from 'double' to 'LONG' requires a narrowing conversion
C:\Users\sky\Desktop\Typing Game\Typing Game .cpp(635,26): warning C4244: 'initializing': conversion from 'double' to 'LONG', possible loss of data
C:\Users\sky\Desktop\Typing Game\Typing Game .cpp(635,36): warning C4838: conversion from 'double' to 'LONG' requires a narrowing conversion
C:\Users\sky\Desktop\Typing Game\Typing Game .cpp(635,36): warning C4244: 'initializing': conversion from 'double' to 'LONG', possible loss of data
C:\Users\sky\Desktop\Typing Game\Typing Game .cpp(635,56): warning C4838: conversion from 'double' to 'LONG' requires a narrowing conversion
C:\Users\sky\Desktop\Typing Game\Typing Game .cpp(635,56): warning C4244: 'initializing': conversion from 'double' to 'LONG', possible loss of data
C:\Users\sky\Desktop\Typing Game\Typing Game .cpp(635,66): warning C4838: conversion from 'double' to 'LONG' requires a narrowing conversion
C:\Users\sky\Desktop\Typing Game\Typing Game .cpp(635,66): warning C4244: 'initializing': conversion from 'double' to 'LONG', possible loss of data
C:\Users\sky\Desktop\Typing Game\Typing Game .cpp(642,54): warning C4838: conversion from 'double' to 'LONG' requires a narrowing conversion
C:\Users\sky\Desktop\Typing Game\Typing Game .cpp(642,54): warning C4244: 'initializing': conversion from 'double' to 'LONG', possible loss of data
C:\Users\sky\Desktop\Typing Game\Typing Game .cpp(642,100): warning C4838: conversion from 'double' to 'LONG' requires a narrowing conversion
C:\Users\sky\Desktop\Typing Game\Typing Game .cpp(642,100): warning C4244: 'initializing': conversion from 'double' to 'LONG', possible loss of data
C:\Users\sky\Desktop\Typing Game\Typing Game .cpp(650,54): warning C4838: conversion from 'double' to 'LONG' requires a narrowing conversion
C:\Users\sky\Desktop\Typing Game\Typing Game .cpp(650,54): warning C4244: 'initializing': conversion from 'double' to 'LONG', possible loss of data
C:\Users\sky\Desktop\Typing Game\Typing Game .cpp(650,100): warning C4838: conversion from 'double' to 'LONG' requires a narrowing conversion
C:\Users\sky\Desktop\Typing Game\Typing Game .cpp(650,100): warning C4244: 'initializing': conversion from 'double' to 'LONG', possible loss of data
C:\Users\sky\Desktop\Typing Game\Typing Game .cpp(654,84): warning C4244: 'argument': conversion from 'double' to 'int', possible loss of data
C:\Users\sky\Desktop\Typing Game\Typing Game .cpp(654,66): warning C4244: 'argument': conversion from 'double' to 'int', possible loss of data
C:\Users\sky\Desktop\Typing Game\Typing Game .cpp(654,46): warning C4244: 'argument': conversion from 'double' to 'int', possible loss of data
C:\Users\sky\Desktop\Typing Game\Typing Game .cpp(654,28): warning C4244: 'argument': conversion from 'double' to 'int', possible loss of data
C:\Users\sky\Desktop\Typing Game\Typing Game .cpp(655,26): warning C4838: conversion from 'double' to 'LONG' requires a narrowing conversion
C:\Users\sky\Desktop\Typing Game\Typing Game .cpp(655,26): warning C4244: 'initializing': conversion from 'double' to 'LONG', possible loss of data
C:\Users\sky\Desktop\Typing Game\Typing Game .cpp(655,44): warning C4838: conversion from 'double' to 'LONG' requires a narrowing conversion
C:\Users\sky\Desktop\Typing Game\Typing Game .cpp(655,44): warning C4244: 'initializing': conversion from 'double' to 'LONG', possible loss of data
C:\Users\sky\Desktop\Typing Game\Typing Game .cpp(655,64): warning C4838: conversion from 'double' to 'LONG' requires a narrowing conversion
C:\Users\sky\Desktop\Typing Game\Typing Game .cpp(655,64): warning C4244: 'initializing': conversion from 'double' to 'LONG', possible loss of data
C:\Users\sky\Desktop\Typing Game\Typing Game .cpp(655,82): warning C4838: conversion from 'double' to 'LONG' requires a narrowing conversion
C:\Users\sky\Desktop\Typing Game\Typing Game .cpp(655,82): warning C4244: 'initializing': conversion from 'double' to 'LONG', possible loss of data
C:\Users\sky\Desktop\Typing Game\Typing Game .cpp(662,54): warning C4838: conversion from 'double' to 'LONG' requires a narrowing conversion
C:\Users\sky\Desktop\Typing Game\Typing Game .cpp(662,54): warning C4244: 'initializing': conversion from 'double' to 'LONG', possible loss of data
C:\Users\sky\Desktop\Typing Game\Typing Game .cpp(662,100): warning C4838: conversion from 'double' to 'LONG' requires a narrowing conversion
C:\Users\sky\Desktop\Typing Game\Typing Game .cpp(662,100): warning C4244: 'initializing': conversion from 'double' to 'LONG', possible loss of data
C:\Users\sky\Desktop\Typing Game\Typing Game .cpp(666,85): warning C4244: 'argument': conversion from 'double' to 'int', possible loss of data
C:\Users\sky\Desktop\Typing Game\Typing Game .cpp(666,67): warning C4244: 'argument': conversion from 'double' to 'int', possible loss of data
C:\Users\sky\Desktop\Typing Game\Typing Game .cpp(666,47): warning C4244: 'argument': conversion from 'double' to 'int', possible loss of data
C:\Users\sky\Desktop\Typing Game\Typing Game .cpp(666,29): warning C4244: 'argument': conversion from 'double' to 'int', possible loss of data
C:\Users\sky\Desktop\Typing Game\Typing Game .cpp(667,27): warning C4838: conversion from 'double' to 'LONG' requires a narrowing conversion
C:\Users\sky\Desktop\Typing Game\Typing Game .cpp(667,27): warning C4244: 'initializing': conversion from 'double' to 'LONG', possible loss of data
C:\Users\sky\Desktop\Typing Game\Typing Game .cpp(667,45): warning C4838: conversion from 'double' to 'LONG' requires a narrowing conversion
C:\Users\sky\Desktop\Typing Game\Typing Game .cpp(667,45): warning C4244: 'initializing': conversion from 'double' to 'LONG', possible loss of data
C:\Users\sky\Desktop\Typing Game\Typing Game .cpp(667,65): warning C4838: conversion from 'double' to 'LONG' requires a narrowing conversion
C:\Users\sky\Desktop\Typing Game\Typing Game .cpp(667,65): warning C4244: 'initializing': conversion from 'double' to 'LONG', possible loss of data
C:\Users\sky\Desktop\Typing Game\Typing Game .cpp(667,83): warning C4838: conversion from 'double' to 'LONG' requires a narrowing conversion
C:\Users\sky\Desktop\Typing Game\Typing Game .cpp(667,83): warning C4244: 'initializing': conversion from 'double' to 'LONG', possible loss of data
  Typing Game.vcxproj -> C:\Users\sky\Desktop\Typing Game\x64\Debug\Typing Game.exe
